
================================================================================
Log started at: 2026-03-03 17:53:20
================================================================================

Logging to: utils/logger\response_generator_20260303_175320.log
Script: response_generator
--------------------------------------------------------------------------------
Looking for existing top 10 file at: C:/Users/jessi/OneDrive/Documents/GitHub/Judging-the-Judges/data/judged_dataset/glossary_of_AI_results_top10.jsonl
✅ Found existing top 10 file: C:/Users/jessi/OneDrive/Documents/GitHub/Judging-the-Judges/data/judged_dataset/glossary_of_AI_results_top10.jsonl
Using existing file instead of re-running selection process...

Loaded 10 entries from existing file.

Found 10 already processed terms in output file. Skipping those...

⏭️  Skipped (already processed): Selective Linear Definite Clause Resolution
⏭️  Skipped (already processed): Big O notation
⏭️  Skipped (already processed): neural machine translation (NMT)
⏭️  Skipped (already processed): NP-hardness
⏭️  Skipped (already processed): true quantified Boolean formula
⏭️  Skipped (already processed): algorithmic probability
⏭️  Skipped (already processed): behavior informatics (BI)
⏭️  Skipped (already processed): big data
⏭️  Skipped (already processed): convolutional neural network
⏭️  Skipped (already processed): Darkforest

Summary: 0 new entries processed, 10 skipped, 10 total in top 10
✅ Script completed successfully

================================================================================
Log ended at: 2026-03-03 17:53:20
================================================================================

